<?xml version="1.0" encoding="UTF-8"?>
<testsuite xmlns:xsi="http://www.w3.org/2001/XMLSchema-instance" xsi:noNamespaceSchemaLocation="https://maven.apache.org/surefire/maven-surefire-plugin/xsd/surefire-test-report-3.0.xsd" version="3.0" name="com.api.karate.automation.requests.TestGetRunner" time="6.537" tests="2" errors="0" skipped="0" failures="0">
  <properties>
[...]
</properties>
  <testcase name="[1:3] Get the list of all objects" classname="com/api/karate/automation/requests/postRequest" time="4.281">
    <system-out><![CDATA[14:53:10.490 [main] DEBUG com.intuit.karate.Suite - [config] classpath:karate-config.js
14:53:12.502 [main] INFO  com.intuit.karate - karate.env system property was: null 
14:53:13.272 [main] DEBUG com.intuit.karate - request:
1 > GET https://api.restful-api.dev/objects
1 > Content-Type: application/json; charset=UTF-8
1 > Content-Length: 120
1 > Host: api.restful-api.dev
1 > Connection: Keep-Alive
1 > User-Agent: Apache-HttpClient/4.5.12 (Java/17.0.10)
1 > Accept-Encoding: gzip,deflate
{"name":"Apple MacBook Pro 16","data":{"year":2019,"price":1849.99,"CPU model":"Intel Core i9","Hard disk size":"1 TB"}}

14:53:13.843 [main] DEBUG com.intuit.karate - response time in milliseconds: 565
1 < 200
1 < Date: Sun, 08 Feb 2026 09:23:12 GMT
1 < Content-Type: application/json
1 < Transfer-Encoding: chunked
1 < Connection: keep-alive
1 < Server: cloudflare
1 < Nel: {"report_to":"cf-nel","success_fraction":0.0,"max_age":604800}
1 < Vary: Origin
1 < Vary: Access-Control-Request-Method
1 < Vary: Access-Control-Request-Headers
1 < cf-cache-status: DYNAMIC
1 < Server-Timing: cfCacheStatus;desc="DYNAMIC"
1 < Server-Timing: cfEdge;dur=66,cfOrigin;dur=75
1 < Report-To: {"group":"cf-nel","max_age":604800,"endpoints":[{"url":"https://a.nel.cloudflare.com/report/v4?s=MuPuuc8XW7wZ6cKKxsTfodlOOSmqBOCXdcIK%2FGR0qJ54zqG62kYhXbyBSQdGioW7JNEO1LvNIpQARbx8Jlza3cJ4Xrhu7TBeGHLZUMHYUZ2F5DQ%3D"}]}
1 < CF-RAY: 9caa11237da6892d-BOM
1 < alt-svc: h3=":443"; ma=86400
[{"id":"1","name":"Google Pixel 6 Pro","data":{"color":"Cloudy White","capacity":"128 GB"}},{"id":"2","name":"Apple iPhone 12 Mini, 256GB, Blue","data":null},{"id":"3","name":"Apple iPhone 12 Pro Max","data":{"color":"Cloudy White","capacity GB":512}},{"id":"4","name":"Apple iPhone 11, 64GB","data":{"price":389.99,"color":"Purple"}},{"id":"5","name":"Samsung Galaxy Z Fold2","data":{"price":689.99,"color":"Brown"}},{"id":"6","name":"Apple AirPods","data":{"generation":"3rd","price":120}},{"id":"7","name":"Apple MacBook Pro 16","data":{"year":2019,"price":1849.99,"CPU model":"Intel Core i9","Hard disk size":"1 TB"}},{"id":"8","name":"Apple Watch Series 8","data":{"Strap Colour":"Elderberry","Case Size":"41mm"}},{"id":"9","name":"Beats Studio3 Wireless","data":{"Color":"Red","Description":"High-performance wireless noise cancelling headphones"}},{"id":"10","name":"Apple iPad Mini 5th Gen","data":{"Capacity":"64 GB","Screen size":7.9}},{"id":"11","name":"Apple iPad Mini 5th Gen","data":{"Capacity":"254 GB","Screen size":7.9}},{"id":"12","name":"Apple iPad Air","data":{"Generation":"4th","Price":"419.99","Capacity":"64 GB"}},{"id":"13","name":"Apple iPad Air","data":{"Generation":"4th","Price":"519.99","Capacity":"256 GB"}}]

14:53:13.861 [main] INFO  com.intuit.karate - [print] [
  {
    "id": "1",
    "name": "Google Pixel 6 Pro",
    "data": {
      "color": "Cloudy White",
      "capacity": "128 GB"
    }
  },
  {
    "id": "2",
    "name": "Apple iPhone 12 Mini, 256GB, Blue",
    "data": null
  },
  {
    "id": "3",
    "name": "Apple iPhone 12 Pro Max",
    "data": {
      "color": "Cloudy White",
      "capacity GB": 512
    }
  },
  {
    "id": "4",
    "name": "Apple iPhone 11, 64GB",
    "data": {
      "price": 389.99,
      "color": "Purple"
    }
  },
  {
    "id": "5",
    "name": "Samsung Galaxy Z Fold2",
    "data": {
      "price": 689.99,
      "color": "Brown"
    }
  },
  {
    "id": "6",
    "name": "Apple AirPods",
    "data": {
      "generation": "3rd",
      "price": 120
    }
  },
  {
    "id": "7",
    "name": "Apple MacBook Pro 16",
    "data": {
      "year": 2019,
      "price": 1849.99,
      "CPU model": "Intel Core i9",
      "Hard disk size": "1 TB"
    }
  },
  {
    "id": "8",
    "name": "Apple Watch Series 8",
    "data": {
      "Strap Colour": "Elderberry",
      "Case Size": "41mm"
    }
  },
  {
    "id": "9",
    "name": "Beats Studio3 Wireless",
    "data": {
      "Color": "Red",
      "Description": "High-performance wireless noise cancelling headphones"
    }
  },
  {
    "id": "10",
    "name": "Apple iPad Mini 5th Gen",
    "data": {
      "Capacity": "64 GB",
      "Screen size": 7.9
    }
  },
  {
    "id": "11",
    "name": "Apple iPad Mini 5th Gen",
    "data": {
      "Capacity": "254 GB",
      "Screen size": 7.9
    }
  },
  {
    "id": "12",
    "name": "Apple iPad Air",
    "data": {
      "Generation": "4th",
      "Price": "419.99",
      "Capacity": "64 GB"
    }
  },
  {
    "id": "13",
    "name": "Apple iPad Air",
    "data": {
      "Generation": "4th",
      "Price": "519.99",
      "Capacity": "256 GB"
    }
  }
]
 
---------------------------------------------------------
feature: classpath:com/api/karate/automation/requests/postRequest.feature
scenarios:  1 | passed:  1 | failed:  0 | time: 1.2963
---------------------------------------------------------

]]></system-out>
  </testcase>
  <testcase name="[1:4] Get the list of all objects" classname="com/api/karate/automation/requests/getRequest" time="0.586">
    <system-out><![CDATA[14:53:14.865 [main] INFO  com.intuit.karate - karate.env system property was: null 
14:53:14.870 [main] DEBUG com.intuit.karate - request:
1 > GET https://api.restful-api.dev/objects
1 > Host: api.restful-api.dev
1 > Connection: Keep-Alive
1 > User-Agent: Apache-HttpClient/4.5.12 (Java/17.0.10)
1 > Accept-Encoding: gzip,deflate


14:53:15.113 [main] DEBUG com.intuit.karate - response time in milliseconds: 242
1 < 200
1 < Date: Sun, 08 Feb 2026 09:23:13 GMT
1 < Content-Type: application/json
1 < Transfer-Encoding: chunked
1 < Connection: keep-alive
1 < Server: cloudflare
1 < Nel: {"report_to":"cf-nel","success_fraction":0.0,"max_age":604800}
1 < Vary: Origin
1 < Vary: Access-Control-Request-Method
1 < Vary: Access-Control-Request-Headers
1 < cf-cache-status: DYNAMIC
1 < Server-Timing: cfCacheStatus;desc="DYNAMIC"
1 < Server-Timing: cfEdge;dur=73,cfOrigin;dur=61
1 < Report-To: {"group":"cf-nel","max_age":604800,"endpoints":[{"url":"https://a.nel.cloudflare.com/report/v4?s=IErn3rix4Aj89pi2c%2BcfR6ndRrkriRaOiHV%2BL0Fsk0eG7lk2v7tknqmcC7kGWWNaPJMGMrfelBMxi9VAABZp9Phpp0m4K5hwwP6cZgsH3%2FX3w%2FQ%3D"}]}
1 < CF-RAY: 9caa112b98e30027-BOM
1 < alt-svc: h3=":443"; ma=86400
[{"id":"1","name":"Google Pixel 6 Pro","data":{"color":"Cloudy White","capacity":"128 GB"}},{"id":"2","name":"Apple iPhone 12 Mini, 256GB, Blue","data":null},{"id":"3","name":"Apple iPhone 12 Pro Max","data":{"color":"Cloudy White","capacity GB":512}},{"id":"4","name":"Apple iPhone 11, 64GB","data":{"price":389.99,"color":"Purple"}},{"id":"5","name":"Samsung Galaxy Z Fold2","data":{"price":689.99,"color":"Brown"}},{"id":"6","name":"Apple AirPods","data":{"generation":"3rd","price":120}},{"id":"7","name":"Apple MacBook Pro 16","data":{"year":2019,"price":1849.99,"CPU model":"Intel Core i9","Hard disk size":"1 TB"}},{"id":"8","name":"Apple Watch Series 8","data":{"Strap Colour":"Elderberry","Case Size":"41mm"}},{"id":"9","name":"Beats Studio3 Wireless","data":{"Color":"Red","Description":"High-performance wireless noise cancelling headphones"}},{"id":"10","name":"Apple iPad Mini 5th Gen","data":{"Capacity":"64 GB","Screen size":7.9}},{"id":"11","name":"Apple iPad Mini 5th Gen","data":{"Capacity":"254 GB","Screen size":7.9}},{"id":"12","name":"Apple iPad Air","data":{"Generation":"4th","Price":"419.99","Capacity":"64 GB"}},{"id":"13","name":"Apple iPad Air","data":{"Generation":"4th","Price":"519.99","Capacity":"256 GB"}}]

---------------------------------------------------------
feature: classpath:com/api/karate/automation/requests/getRequest.feature
scenarios:  1 | passed:  1 | failed:  0 | time: 0.2497
---------------------------------------------------------

Karate version: 1.4.1
======================================================
elapsed:   4.93 | threads:    1 | thread time: 1.55 
features:     2 | skipped:    0 | efficiency: 0.31
scenarios:    2 | passed:     2 | failed: 0
======================================================

HTML report: (paste into browser to view) | Karate version: 1.4.1
file:///C:/Users/ksaro/eclipse-workspace/karateframeworksample/target/karate-reports/karate-summary.html
===================================================================

]]></system-out>
  </testcase>
</testsuite>