<?xml version="1.0" encoding="UTF-8"?>
<testsuite xmlns:xsi="http://www.w3.org/2001/XMLSchema-instance" xsi:noNamespaceSchemaLocation="https://maven.apache.org/surefire/maven-surefire-plugin/xsd/surefire-test-report-3.0.xsd" version="3.0" name="com.api.karate.automation.requests.TestRunner" time="0.48" tests="1" errors="0" skipped="0" failures="0">
  <properties>
[...]
</properties>
  <testcase name="[1:6] Put the list of all objects" classname="com/api/karate/automation/requests/putRequest" time="0.446">
    <system-out><![CDATA[12:44:48.104 [main] DEBUG com.intuit.karate.Suite - [config] classpath:karate-config.js
12:44:48.143 [main] INFO  com.intuit.karate - karate.env system property was: null 
12:44:48.150 [main] DEBUG com.intuit.karate - request:
1 > PATCH https://api.restful-api.dev/objects/ff8081819782e69e019c40f10e582bb6
1 > Content-Type: application/json; charset=UTF-8
1 > Content-Length: 137
1 > Host: api.restful-api.dev
1 > Connection: Keep-Alive
1 > User-Agent: Apache-HttpClient/4.5.12 (Java/17.0.10)
1 > Accept-Encoding: gzip,deflate
{"name":"Apple MacBook Pro 17","data":{"year":2024,"price":2049.99,"CPU model":"Intel Core i9","Hard disk size":"1 TB","color":"silver"}}

12:44:48.363 [main] DEBUG com.intuit.karate - response time in milliseconds: 213
1 < 200
1 < Date: Mon, 09 Feb 2026 07:14:47 GMT
1 < Content-Type: application/json
1 < Transfer-Encoding: chunked
1 < Connection: keep-alive
1 < Server: cloudflare
1 < Nel: {"report_to":"cf-nel","success_fraction":0.0,"max_age":604800}
1 < Vary: Origin
1 < Vary: Access-Control-Request-Method
1 < Vary: Access-Control-Request-Headers
1 < cf-cache-status: DYNAMIC
1 < Server-Timing: cfCacheStatus;desc="DYNAMIC"
1 < Server-Timing: cfEdge;dur=59,cfOrigin;dur=78
1 < Report-To: {"group":"cf-nel","max_age":604800,"endpoints":[{"url":"https://a.nel.cloudflare.com/report/v4?s=1qXE0GwHML2t6nznNJANeDwuOb9GSfNQRPKBEr26pfDO2AGpqeOCnalQrJPLkUaSPMb%2BusIW6c8qcEwV9w7%2Bux20R%2BdjlD9djljEm%2F9FOtdihQE%3D"}]}
1 < CF-RAY: 9cb192687f653b10-BOM
1 < alt-svc: h3=":443"; ma=86400
{"id":"ff8081819782e69e019c40f10e582bb6","name":"Apple MacBook Pro 17","updatedAt":"2026-02-09T05:54:02.246+00:00","data":{"year":2024,"price":2049.99,"CPU model":"Intel Core i9","Hard disk size":"1 TB","color":"silver"}}

12:44:48.365 [main] INFO  com.intuit.karate - [print] {
  "id": "ff8081819782e69e019c40f10e582bb6",
  "name": "Apple MacBook Pro 17",
  "updatedAt": "2026-02-09T05:54:02.246+00:00",
  "data": {
    "year": 2024,
    "price": 2049.99,
    "CPU model": "Intel Core i9",
    "Hard disk size": "1 TB",
    "color": "silver"
  }
}
 
---------------------------------------------------------
feature: classpath:com/api/karate/automation/requests/putRequest.feature
scenarios:  1 | passed:  1 | failed:  0 | time: 0.2209
---------------------------------------------------------

Karate version: 1.4.1
======================================================
elapsed:   0.39 | threads:    1 | thread time: 0.22 
features:     1 | skipped:    0 | efficiency: 0.57
scenarios:    1 | passed:     1 | failed: 0
======================================================

HTML report: (paste into browser to view) | Karate version: 1.4.1
file:///C:/Data/repo/KarateFramework/target/karate-reports/karate-summary.html
===================================================================

]]></system-out>
  </testcase>
</testsuite>